<?xml version="1.0" encoding="UTF-8"?>
<!-- Generated by org.testng.reporters.JUnitReportReporter -->
<testsuite hostname="DESKTOP-QR0VDMM" failures="0" tests="7" name="vtiger.PractiseTests.DataProviderPractice2" time="0.037" errors="0" timestamp="2024-10-27T19:13:54 IST" skipped="0">
  <testcase classname="vtiger.PractiseTests.DataProviderPractice2" name="dataProviderTest" time="0.002"/>
  <testcase classname="vtiger.PractiseTests.DataProviderPractice2" name="dataProviderTest" time="0.007"/>
  <testcase classname="vtiger.PractiseTests.DataProviderPractice2" name="dataProviderTest" time="0.003"/>
  <testcase classname="vtiger.PractiseTests.DataProviderPractice2" name="dataProviderTest" time="0.002"/>
  <testcase classname="vtiger.PractiseTests.DataProviderPractice2" name="dataProviderTest" time="0.002"/>
  <testcase classname="vtiger.PractiseTests.DataProviderPractice2" name="dataProviderTest" time="0.009"/>
  <testcase classname="vtiger.PractiseTests.DataProviderPractice2" name="dataProviderTest" time="0.012"/>
</testsuite> <!-- vtiger.PractiseTests.DataProviderPractice2 -->
