<?xml version="1.0" encoding="UTF-8"?>
<!-- Generated by org.testng.reporters.JUnitReportReporter -->
<testsuite hostname="DESKTOP-QR0VDMM" failures="0" tests="1" name="vtiger.PractiseTests.DatePractiseTest" time="0.032" errors="0" timestamp="2025-03-13T17:22:59 IST" skipped="0">
  <testcase classname="vtiger.PractiseTests.DatePractiseTest" name="dateTest" time="0.032"/>
</testsuite> <!-- vtiger.PractiseTests.DatePractiseTest -->
