<?xml version="1.0" encoding="UTF-8"?>
<!-- Generated by org.testng.reporters.JUnitReportReporter -->
<testsuite hostname="DESKTOP-QR0VDMM" failures="0" tests="1" name="WebDriverActions.MouseActionHandlingTest" time="20.335" errors="0" timestamp="2025-02-24T08:28:46 IST" skipped="0">
  <testcase classname="WebDriverActions.MouseActionHandlingTest" name="mouseActionsTest" time="20.335"/>
</testsuite> <!-- WebDriverActions.MouseActionHandlingTest -->
