<?xml version="1.0" encoding="UTF-8"?>
<!-- Generated by org.testng.reporters.JUnitReportReporter -->
<testsuite hostname="DESKTOP-QR0VDMM" failures="0" tests="2" name="vtiger.PractiseTests.AssertionPractiseTest" time="0.069" errors="0" timestamp="2024-11-10T11:01:10 IST" skipped="0">
  <testcase classname="vtiger.PractiseTests.AssertionPractiseTest" name="assetionPractiseTest1" time="0.013"/>
  <testcase classname="vtiger.PractiseTests.AssertionPractiseTest" name="assetionPractiseTest2" time="0.056"/>
</testsuite> <!-- vtiger.PractiseTests.AssertionPractiseTest -->
