<?xml version="1.0" encoding="UTF-8"?>
<!-- Generated by org.testng.reporters.JUnitReportReporter -->
<testsuite hostname="DESKTOP-QR0VDMM" failures="0" tests="1" name="WebDriverActions.JavascriptAlertTest" time="19.504" errors="0" timestamp="2025-02-28T19:15:56 IST" skipped="0">
  <testcase classname="WebDriverActions.JavascriptAlertTest" name="promptAlert" time="19.504"/>
</testsuite> <!-- WebDriverActions.JavascriptAlertTest -->
