<?xml version="1.0" encoding="UTF-8"?>
<!-- Generated by org.testng.reporters.JUnitReportReporter -->
<testsuite hostname="DESKTOP-QR0VDMM" failures="0" tests="3" name="vtiger.PractiseTests.CreateCustomerTest" time="0.018" errors="0" timestamp="2024-10-25T16:33:58 IST" skipped="1">
  <testcase classname="vtiger.PractiseTests.CreateCustomerTest" name="createCustomerTest" time="0.014"/>
  <testcase classname="vtiger.PractiseTests.CreateCustomerTest" name="modifyCustomerTest" time="0.004"/>
  <testcase classname="vtiger.PractiseTests.CreateCustomerTest" name="deleteCustomerTest">
    <skipped/>
  </testcase> <!-- deleteCustomerTest -->
</testsuite> <!-- vtiger.PractiseTests.CreateCustomerTest -->
