<?xml version="1.0" encoding="UTF-8"?>
<!-- Generated by org.testng.reporters.JUnitReportReporter -->
<testsuite hostname="DESKTOP-QR0VDMM" failures="0" tests="2" name="vtiger.PractiseTests.BasicCongiPraticeTest" time="0.048" errors="0" timestamp="2024-10-29T11:44:23 IST" skipped="0">
  <testcase classname="vtiger.PractiseTests.BasicCongiPraticeTest" name="testPrac1" time="0.018"/>
  <testcase classname="vtiger.PractiseTests.BasicCongiPraticeTest" name="testPrac2" time="0.030"/>
</testsuite> <!-- vtiger.PractiseTests.BasicCongiPraticeTest -->
