<?xml version="1.0" encoding="UTF-8"?>
<!-- Generated by org.testng.reporters.JUnitReportReporter -->
<testsuite hostname="DESKTOP-QR0VDMM" failures="0" tests="1" name="WebDriverActions.WindowHandlingTest" time="35.997" errors="0" timestamp="2025-03-02T17:29:18 IST" skipped="0">
  <testcase classname="WebDriverActions.WindowHandlingTest" name="windowHandlingTest" time="35.997"/>
</testsuite> <!-- WebDriverActions.WindowHandlingTest -->
