<?xml version="1.0" encoding="UTF-8"?>
<!-- Generated by org.testng.reporters.JUnitReportReporter -->
<testsuite hostname="DESKTOP-QR0VDMM" failures="0" tests="1" name="vtiger.PractiseTests.TestNGPractise" time="0.027" errors="0" timestamp="2024-10-25T13:43:05 IST" skipped="0">
  <testcase classname="vtiger.PractiseTests.TestNGPractise" name="practiseOne" time="0.027"/>
</testsuite> <!-- vtiger.PractiseTests.TestNGPractise -->
