<?xml version="1.0" encoding="UTF-8"?>
<!-- Generated by org.testng.reporters.JUnitReportReporter -->
<testsuite hostname="DESKTOP-QR0VDMM" failures="0" tests="1" name="vtiger.Products.DateClassTest" time="0.014" errors="0" timestamp="2025-03-21T15:26:46 IST" skipped="0">
  <testcase classname="vtiger.Products.DateClassTest" name="getDate" time="0.014"/>
</testsuite> <!-- vtiger.Products.DateClassTest -->
