<?xml version="1.0" encoding="UTF-8"?>
<!-- Generated by org.testng.reporters.JUnitReportReporter -->
<testsuite hostname="DESKTOP-QR0VDMM" failures="0" tests="1" name="WebDriverActions.NestedFrameTest" time="122.540" errors="0" timestamp="2025-02-27T15:45:20 IST" skipped="0">
  <testcase classname="WebDriverActions.NestedFrameTest" name="nestedFrameTest" time="122.540"/>
</testsuite> <!-- WebDriverActions.NestedFrameTest -->
