<?xml version="1.0" encoding="UTF-8"?>
<!-- Generated by org.testng.reporters.JUnitReportReporter -->
<testsuite hostname="DESKTOP-QR0VDMM" failures="0" tests="1" name="vtiger.OrganizationsTests.CreateNewOrganizationPom" time="68.485" errors="0" timestamp="2025-03-21T15:50:44 IST" skipped="0">
  <testcase classname="vtiger.OrganizationsTests.CreateNewOrganizationPom" name="createOrganizationTest" time="68.485"/>
</testsuite> <!-- vtiger.OrganizationsTests.CreateNewOrganizationPom -->
