<?xml version="1.0" encoding="UTF-8"?>
<!-- Generated by org.testng.reporters.JUnitReportReporter -->
<testsuite hostname="DESKTOP-QR0VDMM" failures="0" tests="1" name="WebDriverActions.DragAndDropByTest" time="14.421" errors="0" timestamp="2025-02-24T11:46:06 IST" skipped="0">
  <testcase classname="WebDriverActions.DragAndDropByTest" name="dragAndDropTest" time="14.421"/>
</testsuite> <!-- WebDriverActions.DragAndDropByTest -->
