<?xml version="1.0" encoding="UTF-8"?>
<!-- Generated by org.testng.reporters.JUnitReportReporter -->
<testsuite hostname="DESKTOP-QR0VDMM" failures="0" tests="1" name="WebDriverActions.DragAndDropTest" time="20.504" errors="0" timestamp="2025-02-24T10:08:47 IST" skipped="0">
  <testcase classname="WebDriverActions.DragAndDropTest" name="DragAndDropTest" time="20.504"/>
</testsuite> <!-- WebDriverActions.DragAndDropTest -->
