<?xml version="1.0" encoding="UTF-8"?>
<!-- Generated by org.testng.reporters.JUnitReportReporter -->
<testsuite hostname="DESKTOP-QR0VDMM" failures="0" tests="1" name="vtiger.Vendors.CreateVendorTest" time="21.327" errors="0" timestamp="2025-03-19T19:21:33 IST" skipped="0">
  <testcase classname="vtiger.Vendors.CreateVendorTest" name="createVendorWithGenericUtilsTest" time="21.327"/>
</testsuite> <!-- vtiger.Vendors.CreateVendorTest -->
