<?xml version="1.0" encoding="UTF-8"?>
<!-- Generated by org.testng.reporters.JUnitReportReporter -->
<testsuite hostname="DESKTOP-QR0VDMM" failures="0" tests="1" name="WebDriverActions.ScrollHandlingTest" time="25.010" errors="0" timestamp="2025-02-23T15:23:28 IST" skipped="0">
  <testcase classname="WebDriverActions.ScrollHandlingTest" name="ScrollHandlingTest" time="25.010"/>
</testsuite> <!-- WebDriverActions.ScrollHandlingTest -->
