<?xml version="1.0" encoding="UTF-8"?>
<!-- Generated by org.testng.reporters.JUnitReportReporter -->
<testsuite hostname="DESKTOP-QR0VDMM" failures="0" tests="1" name="dataDrivenTestingTests.ReadDataFromExcelSheetTest" time="3.279" errors="0" timestamp="2025-03-12T14:06:49 IST" skipped="0">
  <testcase classname="dataDrivenTestingTests.ReadDataFromExcelSheetTest" name="readDataFromExcelSheetTest" time="3.279"/>
</testsuite> <!-- dataDrivenTestingTests.ReadDataFromExcelSheetTest -->
