<?xml version="1.0" encoding="UTF-8"?>
<!-- Generated by org.testng.reporters.JUnitReportReporter -->
<testsuite hostname="DESKTOP-QR0VDMM" failures="0" tests="1" name="vtiger.ContactsTests.CreateConWithOrgUsingBaseClassTest" time="45.225" errors="0" timestamp="2024-10-30T12:44:27 IST" skipped="0">
  <testcase classname="vtiger.ContactsTests.CreateConWithOrgUsingBaseClassTest" name="createConWithOrgTest" time="45.225">
    <system-out>
      <![CDATA[Clicked on organization link successfully
Clicked on organization lookup img successfully
organization created successfully
Clicked on Create Contact link successfully
Clicked on Create Contact Lookup image successfully
Contact created successfully 
Create Contact with organization successfull ]]>
    </system-out>
  </testcase> <!-- createConWithOrgTest -->
  <system-out>
    <![CDATA[DataBase connected successfully
Browser Chrome launched successfully
Logged into application successfully
Clicked on organization link successfully
Clicked on organization lookup img successfully
organization created successfully
Clicked on Create Contact link successfully
Clicked on Create Contact Lookup image successfully
Contact created successfully 
Create Contact with organization successfull 
Signout of application successfull
closed the browser successfully
closed DataBase successfully]]>
  </system-out>
</testsuite> <!-- vtiger.ContactsTests.CreateConWithOrgUsingBaseClassTest -->
