<?xml version="1.0" encoding="UTF-8"?>
<!-- Generated by org.testng.reporters.JUnitReportReporter -->
<testsuite hostname="DESKTOP-QR0VDMM" failures="0" tests="1" name="dataDrivenTestingTests.ReadDataFromPropertyFileTest" time="0.018" errors="0" timestamp="2025-03-12T12:19:52 IST" skipped="0">
  <testcase classname="dataDrivenTestingTests.ReadDataFromPropertyFileTest" name="readDataFromPropertyFile" time="0.018"/>
</testsuite> <!-- dataDrivenTestingTests.ReadDataFromPropertyFileTest -->
